<?xml version="1.0" encoding="UTF-8"?>
<testng-results skipped="0" failed="0" ignored="0" total="1" passed="1">
  <reporter-output>
  </reporter-output>
  <suite name="Suite" duration-ms="4320" started-at="2020-08-08T16:02:45Z" finished-at="2020-08-08T16:02:49Z">
    <groups>
    </groups>
    <test name="Test" duration-ms="4320" started-at="2020-08-08T16:02:45Z" finished-at="2020-08-08T16:02:49Z">
      <class name="org.testing.TestScripts.PostRequestTC">
        <test-method status="PASS" signature="tc1()[pri:0, instance:org.testing.TestScripts.PostRequestTC@2a2d45ba]" name="tc1" duration-ms="4271" started-at="2020-08-08T21:32:45Z" finished-at="2020-08-08T21:32:49Z">
          <reporter-output>
          </reporter-output>
        </test-method> <!-- tc1 -->
      </class> <!-- org.testing.TestScripts.PostRequestTC -->
    </test> <!-- Test -->
  </suite> <!-- Suite -->
</testng-results>
